<?xml version="1.0" encoding="UTF-8"?>
<!-- Generated by org.testng.reporters.JUnitReportReporter -->
<testsuite hostname="DESKTOP-64I2TDN" failures="0" tests="5" name="api.tests.GorestTests" time="13.170" errors="0" timestamp="2024-03-18T12:35:36 IST" skipped="0">
  <testcase classname="api.tests.GorestTests" name="createUser" time="0.737"/>
  <system-out/>
  <testcase classname="api.tests.GorestTests" name="createUser" time="1.149"/>
  <system-out/>
  <testcase classname="api.tests.GorestTests" name="createUser" time="1.031"/>
  <system-out/>
  <testcase classname="api.tests.GorestTests" name="createUser" time="7.797"/>
  <system-out/>
  <testcase classname="api.tests.GorestTests" name="deleteUser" time="2.456"/>
  <system-out/>
</testsuite> <!-- api.tests.GorestTests -->
