<?xml version="1.0" encoding="UTF-8"?>
<!-- Generated by org.testng.reporters.JUnitReportReporter -->
<testsuite hostname="DESKTOP-64I2TDN" failures="0" tests="5" name="api.tests.GorestTests" time="11.156" errors="0" timestamp="2024-03-18T12:40:09 IST" skipped="0">
  <testcase classname="api.tests.GorestTests" name="createUser" time="0.500"/>
  <system-out/>
  <testcase classname="api.tests.GorestTests" name="createUser" time="0.656"/>
  <system-out/>
  <testcase classname="api.tests.GorestTests" name="createUser" time="6.265"/>
  <system-out/>
  <testcase classname="api.tests.GorestTests" name="createUser" time="0.844"/>
  <system-out/>
  <testcase classname="api.tests.GorestTests" name="deleteUser" time="2.891"/>
  <system-out/>
</testsuite> <!-- api.tests.GorestTests -->
